2025-06-12 09:15:26,698 - api.logger - INFO - Starting model loading...
2025-06-12 09:15:26,699 - api.logger - INFO - Current working directory: /Users/alinacharon/Desktop/notebooks/OC/5 - Catégorisez automatiquement des questions/api
2025-06-12 09:15:26,699 - api.logger - INFO - Attempting to load model from: /Users/alinacharon/Desktop/notebooks/OC/5 - Catégorisez automatiquement des questions/api/models/model.pkl
2025-06-12 09:15:26,699 - api.logger - INFO - DEBUG: models_dir computed as: /Users/alinacharon/Desktop/notebooks/OC/5 - Catégorisez automatiquement des questions/api/models
2025-06-12 09:15:27,763 - api.logger - INFO - ✓ model.pkl loaded successfully. Type: <class 'xgboost.sklearn.XGBClassifier'>
2025-06-12 09:15:27,763 - api.logger - INFO - Loading mlb.pkl...
2025-06-12 09:15:27,765 - api.logger - INFO - ✓ mlb.pkl loaded successfully. Type: <class 'sklearn.preprocessing._label.MultiLabelBinarizer'>
2025-06-12 09:15:27,765 - api.logger - INFO - Model loading complete (USE model will be loaded on first use)!
2025-06-12 09:15:28,226 - api.logger - INFO - Loading USE embedding model on first use...
2025-06-12 09:15:31,158 - api.logger - INFO - ✓ USE model loaded successfully on first use.
2025-06-12 09:15:31,158 - api.logger - INFO - Original text: 'How to implement a binary search tree in Python?'
2025-06-12 09:15:32,466 - api.logger - ERROR - Prediction error: 'AutoTrackable' object is not callable
2025-06-12 09:15:32,493 - api.logger - INFO - Original text: 'How to implement a binary search tree in Python?'
2025-06-12 09:15:32,494 - api.logger - ERROR - Prediction error: 'AutoTrackable' object is not callable
2025-06-12 09:15:32,496 - api.logger - INFO - Original text: 'How to implement a binary search tree in Python?'
2025-06-12 09:15:32,496 - api.logger - ERROR - Prediction error: 'AutoTrackable' object is not callable
2025-06-12 09:15:32,498 - api.logger - INFO - Original text: 'How to implement a binary search tree in Python?'
2025-06-12 09:15:32,498 - api.logger - ERROR - Prediction error: 'AutoTrackable' object is not callable
2025-06-12 09:15:32,501 - api.logger - INFO - Original text: 'How to implement a binary search tree in Python?'
2025-06-12 09:15:32,501 - api.logger - ERROR - Prediction error: 'AutoTrackable' object is not callable
2025-06-12 09:15:32,504 - api.logger - INFO - Original text: 'How to implement a binary search tree in Python?'
2025-06-12 09:15:32,504 - api.logger - ERROR - Prediction error: 'AutoTrackable' object is not callable
2025-06-12 09:15:32,507 - api.logger - INFO - Original text: 'How to implement a binary search tree in Python?'
2025-06-12 09:15:32,507 - api.logger - ERROR - Prediction error: 'AutoTrackable' object is not callable
2025-06-12 09:15:32,510 - api.logger - INFO - Original text: 'How to implement a binary search tree in Python?'
2025-06-12 09:15:32,510 - api.logger - ERROR - Prediction error: 'AutoTrackable' object is not callable
2025-06-12 09:15:32,513 - api.logger - INFO - Original text: 'How to implement a binary search tree in Python?'
2025-06-12 09:15:32,513 - api.logger - ERROR - Prediction error: 'AutoTrackable' object is not callable
2025-06-12 09:15:32,516 - api.logger - INFO - Original text: 'How to implement a binary search tree in Python?'
2025-06-12 09:15:32,516 - api.logger - ERROR - Prediction error: 'AutoTrackable' object is not callable
2025-06-12 09:15:32,518 - api.logger - INFO - Original text: 'How to implement a binary search tree in Python?'
2025-06-12 09:15:32,519 - api.logger - ERROR - Prediction error: 'AutoTrackable' object is not callable
2025-06-12 09:15:47,976 - api.logger - INFO - Starting model loading...
2025-06-12 09:15:47,976 - api.logger - INFO - Current working directory: /Users/alinacharon/Desktop/notebooks/OC/5 - Catégorisez automatiquement des questions/api
2025-06-12 09:15:47,976 - api.logger - INFO - Attempting to load model from: /Users/alinacharon/Desktop/notebooks/OC/5 - Catégorisez automatiquement des questions/api/models/model.pkl
2025-06-12 09:15:47,977 - api.logger - INFO - DEBUG: models_dir computed as: /Users/alinacharon/Desktop/notebooks/OC/5 - Catégorisez automatiquement des questions/api/models
2025-06-12 09:15:48,673 - api.logger - INFO - ✓ model.pkl loaded successfully. Type: <class 'xgboost.sklearn.XGBClassifier'>
2025-06-12 09:15:48,673 - api.logger - INFO - Loading mlb.pkl...
2025-06-12 09:15:48,675 - api.logger - INFO - ✓ mlb.pkl loaded successfully. Type: <class 'sklearn.preprocessing._label.MultiLabelBinarizer'>
2025-06-12 09:15:48,675 - api.logger - INFO - Model loading complete (USE model will be loaded on first use)!
2025-06-12 09:18:15,629 - api.logger - INFO - Starting model loading...
2025-06-12 09:18:15,629 - api.logger - INFO - Current working directory: /Users/alinacharon/Desktop/notebooks/OC/5 - Catégorisez automatiquement des questions/api
2025-06-12 09:18:15,629 - api.logger - INFO - Attempting to load model from: /Users/alinacharon/Desktop/notebooks/OC/5 - Catégorisez automatiquement des questions/api/models/model.pkl
2025-06-12 09:18:15,629 - api.logger - INFO - DEBUG: models_dir computed as: /Users/alinacharon/Desktop/notebooks/OC/5 - Catégorisez automatiquement des questions/api/models
2025-06-12 09:18:16,904 - api.logger - INFO - ✓ model.pkl loaded successfully. Type: <class 'xgboost.sklearn.XGBClassifier'>
2025-06-12 09:18:16,905 - api.logger - INFO - Loading mlb.pkl...
2025-06-12 09:18:16,907 - api.logger - INFO - ✓ mlb.pkl loaded successfully. Type: <class 'sklearn.preprocessing._label.MultiLabelBinarizer'>
2025-06-12 09:18:16,907 - api.logger - INFO - Model loading complete (USE model will be loaded on first use)!
2025-06-12 09:18:17,495 - api.logger - INFO - Loading USE embedding model on first use...
2025-06-12 09:18:19,582 - api.logger - INFO - ✓ USE model loaded successfully on first use.
2025-06-12 09:18:19,582 - api.logger - INFO - Original text: 'How to implement a binary search tree in Python?'
2025-06-12 09:18:22,534 - api.logger - ERROR - Prediction error: 'AutoTrackable' object is not callable
2025-06-12 09:18:22,590 - api.logger - INFO - Original text: 'How to implement a binary search tree in Python?'
2025-06-12 09:18:22,592 - api.logger - ERROR - Prediction error: 'AutoTrackable' object is not callable
2025-06-12 09:18:22,596 - api.logger - INFO - Original text: 'How to implement a binary search tree in Python?'
2025-06-12 09:18:22,597 - api.logger - ERROR - Prediction error: 'AutoTrackable' object is not callable
2025-06-12 09:18:22,600 - api.logger - INFO - Original text: 'How to implement a binary search tree in Python?'
2025-06-12 09:18:22,604 - api.logger - ERROR - Prediction error: 'AutoTrackable' object is not callable
2025-06-12 09:18:22,608 - api.logger - INFO - Original text: 'How to implement a binary search tree in Python?'
2025-06-12 09:18:22,609 - api.logger - ERROR - Prediction error: 'AutoTrackable' object is not callable
2025-06-12 09:18:22,615 - api.logger - INFO - Original text: 'How to implement a binary search tree in Python?'
2025-06-12 09:18:22,616 - api.logger - ERROR - Prediction error: 'AutoTrackable' object is not callable
2025-06-12 09:18:22,619 - api.logger - INFO - Original text: 'How to implement a binary search tree in Python?'
2025-06-12 09:18:22,620 - api.logger - ERROR - Prediction error: 'AutoTrackable' object is not callable
2025-06-12 09:18:22,626 - api.logger - INFO - Original text: 'How to implement a binary search tree in Python?'
2025-06-12 09:18:22,627 - api.logger - ERROR - Prediction error: 'AutoTrackable' object is not callable
2025-06-12 09:18:22,633 - api.logger - INFO - Original text: 'How to implement a binary search tree in Python?'
2025-06-12 09:18:22,634 - api.logger - ERROR - Prediction error: 'AutoTrackable' object is not callable
2025-06-12 09:18:22,642 - api.logger - INFO - Original text: 'How to implement a binary search tree in Python?'
2025-06-12 09:18:22,644 - api.logger - ERROR - Prediction error: 'AutoTrackable' object is not callable
2025-06-12 09:18:22,650 - api.logger - INFO - Original text: 'How to implement a binary search tree in Python?'
2025-06-12 09:18:22,652 - api.logger - ERROR - Prediction error: 'AutoTrackable' object is not callable
2025-06-12 09:18:38,564 - api.logger - INFO - Starting model loading...
2025-06-12 09:18:38,565 - api.logger - INFO - Current working directory: /Users/alinacharon/Desktop/notebooks/OC/5 - Catégorisez automatiquement des questions/api
2025-06-12 09:18:38,565 - api.logger - INFO - Attempting to load model from: /Users/alinacharon/Desktop/notebooks/OC/5 - Catégorisez automatiquement des questions/api/models/model.pkl
2025-06-12 09:18:38,565 - api.logger - INFO - DEBUG: models_dir computed as: /Users/alinacharon/Desktop/notebooks/OC/5 - Catégorisez automatiquement des questions/api/models
2025-06-12 09:18:40,065 - api.logger - INFO - ✓ model.pkl loaded successfully. Type: <class 'xgboost.sklearn.XGBClassifier'>
2025-06-12 09:18:40,065 - api.logger - INFO - Loading mlb.pkl...
2025-06-12 09:18:40,066 - api.logger - INFO - ✓ mlb.pkl loaded successfully. Type: <class 'sklearn.preprocessing._label.MultiLabelBinarizer'>
2025-06-12 09:18:40,067 - api.logger - INFO - Model loading complete (USE model will be loaded on first use)!
2025-06-12 09:19:15,917 - api.logger - INFO - Starting model loading...
2025-06-12 09:19:15,917 - api.logger - INFO - Current working directory: /Users/alinacharon/Desktop/notebooks/OC/5 - Catégorisez automatiquement des questions/api
2025-06-12 09:19:15,917 - api.logger - INFO - Attempting to load model from: /Users/alinacharon/Desktop/notebooks/OC/5 - Catégorisez automatiquement des questions/api/models/model.pkl
2025-06-12 09:19:15,917 - api.logger - INFO - DEBUG: models_dir computed as: /Users/alinacharon/Desktop/notebooks/OC/5 - Catégorisez automatiquement des questions/api/models
2025-06-12 09:19:17,365 - api.logger - INFO - ✓ model.pkl loaded successfully. Type: <class 'xgboost.sklearn.XGBClassifier'>
2025-06-12 09:19:17,366 - api.logger - INFO - Loading mlb.pkl...
2025-06-12 09:19:17,368 - api.logger - INFO - ✓ mlb.pkl loaded successfully. Type: <class 'sklearn.preprocessing._label.MultiLabelBinarizer'>
2025-06-12 09:19:17,368 - api.logger - INFO - Model loading complete (USE model will be loaded on first use)!
2025-06-12 09:19:23,551 - api.logger - INFO - Loading USE embedding model on first use...
2025-06-12 09:19:25,174 - api.logger - INFO - ✓ USE model loaded successfully on first use.
2025-06-12 09:19:25,175 - api.logger - INFO - Original text: 'How to implement a binary search tree in Python?'
2025-06-12 09:19:27,883 - api.logger - ERROR - Prediction error: 'AutoTrackable' object is not callable
2025-06-12 09:21:40,227 - api.logger - INFO - Starting model loading...
2025-06-12 09:21:40,227 - api.logger - INFO - Current working directory: /Users/alinacharon/Desktop/notebooks/OC/5 - Catégorisez automatiquement des questions/api
2025-06-12 09:21:40,227 - api.logger - INFO - Attempting to load model from: /Users/alinacharon/Desktop/notebooks/OC/5 - Catégorisez automatiquement des questions/api/models/model.pkl
2025-06-12 09:21:40,227 - api.logger - INFO - DEBUG: models_dir computed as: /Users/alinacharon/Desktop/notebooks/OC/5 - Catégorisez automatiquement des questions/api/models
2025-06-12 09:21:40,984 - api.logger - INFO - ✓ model.pkl loaded successfully. Type: <class 'xgboost.sklearn.XGBClassifier'>
2025-06-12 09:21:40,985 - api.logger - INFO - Loading mlb.pkl...
2025-06-12 09:21:40,986 - api.logger - INFO - ✓ mlb.pkl loaded successfully. Type: <class 'sklearn.preprocessing._label.MultiLabelBinarizer'>
2025-06-12 09:21:40,986 - api.logger - INFO - Model loading complete (USE model will be loaded on first use)!
2025-06-12 09:22:47,313 - api.logger - INFO - Starting model loading...
2025-06-12 09:22:47,313 - api.logger - INFO - Current working directory: /Users/alinacharon/Desktop/notebooks/OC/5 - Catégorisez automatiquement des questions/api
2025-06-12 09:22:47,313 - api.logger - INFO - Attempting to load model from: /Users/alinacharon/Desktop/notebooks/OC/5 - Catégorisez automatiquement des questions/api/models/model.pkl
2025-06-12 09:22:47,313 - api.logger - INFO - DEBUG: models_dir computed as: /Users/alinacharon/Desktop/notebooks/OC/5 - Catégorisez automatiquement des questions/api/models
2025-06-12 09:22:48,055 - api.logger - INFO - ✓ model.pkl loaded successfully. Type: <class 'xgboost.sklearn.XGBClassifier'>
2025-06-12 09:22:48,055 - api.logger - INFO - Loading mlb.pkl...
2025-06-12 09:22:48,055 - api.logger - INFO - ✓ mlb.pkl loaded successfully. Type: <class 'sklearn.preprocessing._label.MultiLabelBinarizer'>
2025-06-12 09:22:48,055 - api.logger - INFO - Model loading complete (USE model will be loaded on first use)!
2025-06-12 09:22:49,172 - api.logger - INFO - Loading USE embedding model on first use...
2025-06-12 09:22:49,811 - api.logger - INFO - ✓ USE model loaded successfully on first use.
2025-06-12 09:22:49,811 - api.logger - INFO - Original text: 'How to implement a binary search tree in Python?'
2025-06-12 09:22:51,046 - api.logger - ERROR - Prediction error: Binding inputs to tf.function failed due to `missing a required argument: 'indices'`. Received args: (<tf.Tensor: shape=(1,), dtype=string, numpy=array([b'implement binary search tree python'], dtype=object)>,) and kwargs: {} for signature: (dense_shape: TensorSpec(shape=(2,), dtype=tf.int64, name='dense_shape'), indices: TensorSpec(shape=(None, 2), dtype=tf.int64, name='indices'), values: TensorSpec(shape=(None,), dtype=tf.int64, name='values')) -> Dict[['default', TensorSpec(shape=(None, 512), dtype=tf.float32, name=None)]].
Fallback to flat signature also failed due to: pruned(dense_shape, indices, values) takes 0 positional arguments, got 1.
2025-06-12 09:22:51,216 - api.logger - INFO - Original text: 'How to implement a binary search tree in Python?'
2025-06-12 09:22:51,216 - api.logger - ERROR - Prediction error: Binding inputs to tf.function failed due to `missing a required argument: 'indices'`. Received args: (<tf.Tensor: shape=(1,), dtype=string, numpy=array([b'implement binary search tree python'], dtype=object)>,) and kwargs: {} for signature: (dense_shape: TensorSpec(shape=(2,), dtype=tf.int64, name='dense_shape'), indices: TensorSpec(shape=(None, 2), dtype=tf.int64, name='indices'), values: TensorSpec(shape=(None,), dtype=tf.int64, name='values')) -> Dict[['default', TensorSpec(shape=(None, 512), dtype=tf.float32, name=None)]].
Fallback to flat signature also failed due to: pruned(dense_shape, indices, values) takes 0 positional arguments, got 1.
2025-06-12 09:22:51,218 - api.logger - INFO - Original text: 'How to implement a binary search tree in Python?'
2025-06-12 09:22:51,219 - api.logger - ERROR - Prediction error: Binding inputs to tf.function failed due to `missing a required argument: 'indices'`. Received args: (<tf.Tensor: shape=(1,), dtype=string, numpy=array([b'implement binary search tree python'], dtype=object)>,) and kwargs: {} for signature: (dense_shape: TensorSpec(shape=(2,), dtype=tf.int64, name='dense_shape'), indices: TensorSpec(shape=(None, 2), dtype=tf.int64, name='indices'), values: TensorSpec(shape=(None,), dtype=tf.int64, name='values')) -> Dict[['default', TensorSpec(shape=(None, 512), dtype=tf.float32, name=None)]].
Fallback to flat signature also failed due to: pruned(dense_shape, indices, values) takes 0 positional arguments, got 1.
2025-06-12 09:22:51,221 - api.logger - INFO - Original text: 'How to implement a binary search tree in Python?'
2025-06-12 09:22:51,222 - api.logger - ERROR - Prediction error: Binding inputs to tf.function failed due to `missing a required argument: 'indices'`. Received args: (<tf.Tensor: shape=(1,), dtype=string, numpy=array([b'implement binary search tree python'], dtype=object)>,) and kwargs: {} for signature: (dense_shape: TensorSpec(shape=(2,), dtype=tf.int64, name='dense_shape'), indices: TensorSpec(shape=(None, 2), dtype=tf.int64, name='indices'), values: TensorSpec(shape=(None,), dtype=tf.int64, name='values')) -> Dict[['default', TensorSpec(shape=(None, 512), dtype=tf.float32, name=None)]].
Fallback to flat signature also failed due to: pruned(dense_shape, indices, values) takes 0 positional arguments, got 1.
2025-06-12 09:22:51,224 - api.logger - INFO - Original text: 'How to implement a binary search tree in Python?'
2025-06-12 09:22:51,224 - api.logger - ERROR - Prediction error: Binding inputs to tf.function failed due to `missing a required argument: 'indices'`. Received args: (<tf.Tensor: shape=(1,), dtype=string, numpy=array([b'implement binary search tree python'], dtype=object)>,) and kwargs: {} for signature: (dense_shape: TensorSpec(shape=(2,), dtype=tf.int64, name='dense_shape'), indices: TensorSpec(shape=(None, 2), dtype=tf.int64, name='indices'), values: TensorSpec(shape=(None,), dtype=tf.int64, name='values')) -> Dict[['default', TensorSpec(shape=(None, 512), dtype=tf.float32, name=None)]].
Fallback to flat signature also failed due to: pruned(dense_shape, indices, values) takes 0 positional arguments, got 1.
2025-06-12 09:22:51,226 - api.logger - INFO - Original text: 'How to implement a binary search tree in Python?'
2025-06-12 09:22:51,226 - api.logger - ERROR - Prediction error: Binding inputs to tf.function failed due to `missing a required argument: 'indices'`. Received args: (<tf.Tensor: shape=(1,), dtype=string, numpy=array([b'implement binary search tree python'], dtype=object)>,) and kwargs: {} for signature: (dense_shape: TensorSpec(shape=(2,), dtype=tf.int64, name='dense_shape'), indices: TensorSpec(shape=(None, 2), dtype=tf.int64, name='indices'), values: TensorSpec(shape=(None,), dtype=tf.int64, name='values')) -> Dict[['default', TensorSpec(shape=(None, 512), dtype=tf.float32, name=None)]].
Fallback to flat signature also failed due to: pruned(dense_shape, indices, values) takes 0 positional arguments, got 1.
2025-06-12 09:22:51,228 - api.logger - INFO - Original text: 'How to implement a binary search tree in Python?'
2025-06-12 09:22:51,229 - api.logger - ERROR - Prediction error: Binding inputs to tf.function failed due to `missing a required argument: 'indices'`. Received args: (<tf.Tensor: shape=(1,), dtype=string, numpy=array([b'implement binary search tree python'], dtype=object)>,) and kwargs: {} for signature: (dense_shape: TensorSpec(shape=(2,), dtype=tf.int64, name='dense_shape'), indices: TensorSpec(shape=(None, 2), dtype=tf.int64, name='indices'), values: TensorSpec(shape=(None,), dtype=tf.int64, name='values')) -> Dict[['default', TensorSpec(shape=(None, 512), dtype=tf.float32, name=None)]].
Fallback to flat signature also failed due to: pruned(dense_shape, indices, values) takes 0 positional arguments, got 1.
2025-06-12 09:22:51,231 - api.logger - INFO - Original text: 'How to implement a binary search tree in Python?'
2025-06-12 09:22:51,232 - api.logger - ERROR - Prediction error: Binding inputs to tf.function failed due to `missing a required argument: 'indices'`. Received args: (<tf.Tensor: shape=(1,), dtype=string, numpy=array([b'implement binary search tree python'], dtype=object)>,) and kwargs: {} for signature: (dense_shape: TensorSpec(shape=(2,), dtype=tf.int64, name='dense_shape'), indices: TensorSpec(shape=(None, 2), dtype=tf.int64, name='indices'), values: TensorSpec(shape=(None,), dtype=tf.int64, name='values')) -> Dict[['default', TensorSpec(shape=(None, 512), dtype=tf.float32, name=None)]].
Fallback to flat signature also failed due to: pruned(dense_shape, indices, values) takes 0 positional arguments, got 1.
2025-06-12 09:22:51,234 - api.logger - INFO - Original text: 'How to implement a binary search tree in Python?'
2025-06-12 09:22:51,235 - api.logger - ERROR - Prediction error: Binding inputs to tf.function failed due to `missing a required argument: 'indices'`. Received args: (<tf.Tensor: shape=(1,), dtype=string, numpy=array([b'implement binary search tree python'], dtype=object)>,) and kwargs: {} for signature: (dense_shape: TensorSpec(shape=(2,), dtype=tf.int64, name='dense_shape'), indices: TensorSpec(shape=(None, 2), dtype=tf.int64, name='indices'), values: TensorSpec(shape=(None,), dtype=tf.int64, name='values')) -> Dict[['default', TensorSpec(shape=(None, 512), dtype=tf.float32, name=None)]].
Fallback to flat signature also failed due to: pruned(dense_shape, indices, values) takes 0 positional arguments, got 1.
2025-06-12 09:22:51,237 - api.logger - INFO - Original text: 'How to implement a binary search tree in Python?'
2025-06-12 09:22:51,237 - api.logger - ERROR - Prediction error: Binding inputs to tf.function failed due to `missing a required argument: 'indices'`. Received args: (<tf.Tensor: shape=(1,), dtype=string, numpy=array([b'implement binary search tree python'], dtype=object)>,) and kwargs: {} for signature: (dense_shape: TensorSpec(shape=(2,), dtype=tf.int64, name='dense_shape'), indices: TensorSpec(shape=(None, 2), dtype=tf.int64, name='indices'), values: TensorSpec(shape=(None,), dtype=tf.int64, name='values')) -> Dict[['default', TensorSpec(shape=(None, 512), dtype=tf.float32, name=None)]].
Fallback to flat signature also failed due to: pruned(dense_shape, indices, values) takes 0 positional arguments, got 1.
2025-06-12 09:22:51,239 - api.logger - INFO - Original text: 'How to implement a binary search tree in Python?'
2025-06-12 09:22:51,239 - api.logger - ERROR - Prediction error: Binding inputs to tf.function failed due to `missing a required argument: 'indices'`. Received args: (<tf.Tensor: shape=(1,), dtype=string, numpy=array([b'implement binary search tree python'], dtype=object)>,) and kwargs: {} for signature: (dense_shape: TensorSpec(shape=(2,), dtype=tf.int64, name='dense_shape'), indices: TensorSpec(shape=(None, 2), dtype=tf.int64, name='indices'), values: TensorSpec(shape=(None,), dtype=tf.int64, name='values')) -> Dict[['default', TensorSpec(shape=(None, 512), dtype=tf.float32, name=None)]].
Fallback to flat signature also failed due to: pruned(dense_shape, indices, values) takes 0 positional arguments, got 1.
2025-06-12 09:23:38,658 - api.logger - INFO - Starting model loading...
2025-06-12 09:23:38,658 - api.logger - INFO - Current working directory: /Users/alinacharon/Desktop/notebooks/OC/5 - Catégorisez automatiquement des questions/api
2025-06-12 09:23:38,658 - api.logger - INFO - Attempting to load model from: /Users/alinacharon/Desktop/notebooks/OC/5 - Catégorisez automatiquement des questions/api/models/model.pkl
2025-06-12 09:23:38,658 - api.logger - INFO - DEBUG: models_dir computed as: /Users/alinacharon/Desktop/notebooks/OC/5 - Catégorisez automatiquement des questions/api/models
2025-06-12 09:23:39,308 - api.logger - INFO - ✓ model.pkl loaded successfully. Type: <class 'xgboost.sklearn.XGBClassifier'>
2025-06-12 09:23:39,308 - api.logger - INFO - Loading mlb.pkl...
2025-06-12 09:23:39,309 - api.logger - INFO - ✓ mlb.pkl loaded successfully. Type: <class 'sklearn.preprocessing._label.MultiLabelBinarizer'>
2025-06-12 09:23:39,309 - api.logger - INFO - Model loading complete (USE model will be loaded on first use)!
2025-06-12 09:23:40,736 - api.logger - INFO - Loading USE embedding model on first use...
2025-06-12 09:23:41,367 - api.logger - INFO - ✓ USE model loaded successfully on first use.
2025-06-12 09:23:41,367 - api.logger - INFO - Original text: 'How to implement a binary search tree in Python?'
2025-06-12 09:23:42,612 - api.logger - ERROR - Prediction error: Binding inputs to tf.function failed due to `missing a required argument: 'indices'`. Received args: (<tf.Tensor: shape=(1,), dtype=string, numpy=array([b'implement binary search tree python'], dtype=object)>,) and kwargs: {} for signature: (dense_shape: TensorSpec(shape=(2,), dtype=tf.int64, name='dense_shape'), indices: TensorSpec(shape=(None, 2), dtype=tf.int64, name='indices'), values: TensorSpec(shape=(None,), dtype=tf.int64, name='values')) -> Dict[['default', TensorSpec(shape=(None, 512), dtype=tf.float32, name=None)]].
Fallback to flat signature also failed due to: pruned(dense_shape, indices, values) takes 0 positional arguments, got 1.
2025-06-12 09:24:40,273 - api.logger - INFO - Starting model loading...
2025-06-12 09:24:40,274 - api.logger - INFO - Current working directory: /Users/alinacharon/Desktop/notebooks/OC/5 - Catégorisez automatiquement des questions/api
2025-06-12 09:24:40,274 - api.logger - INFO - Attempting to load model from: /Users/alinacharon/Desktop/notebooks/OC/5 - Catégorisez automatiquement des questions/api/models/model.pkl
2025-06-12 09:24:40,274 - api.logger - INFO - DEBUG: models_dir computed as: /Users/alinacharon/Desktop/notebooks/OC/5 - Catégorisez automatiquement des questions/api/models
2025-06-12 09:24:41,550 - api.logger - INFO - ✓ model.pkl loaded successfully. Type: <class 'xgboost.sklearn.XGBClassifier'>
2025-06-12 09:24:41,550 - api.logger - INFO - Loading mlb.pkl...
2025-06-12 09:24:41,551 - api.logger - INFO - ✓ mlb.pkl loaded successfully. Type: <class 'sklearn.preprocessing._label.MultiLabelBinarizer'>
2025-06-12 09:24:41,551 - api.logger - INFO - Model loading complete (USE model will be loaded on first use)!
2025-06-12 09:24:42,070 - api.logger - INFO - Loading USE embedding model on first use...
2025-06-12 09:24:43,897 - api.logger - INFO - ✓ USE model loaded successfully on first use.
2025-06-12 09:24:43,897 - api.logger - INFO - Original text: 'How to implement a binary search tree in Python?'
2025-06-12 09:24:45,897 - api.logger - ERROR - Prediction error: cannot compute __inference_pruned_5900 as input #2(zero-based) was expected to be a int64 tensor but is a string tensor [Op:__inference_pruned_5900]
2025-06-12 09:24:46,130 - api.logger - INFO - Original text: 'How to implement a binary search tree in Python?'
2025-06-12 09:24:46,132 - api.logger - ERROR - Prediction error: cannot compute __inference_pruned_5900 as input #2(zero-based) was expected to be a int64 tensor but is a string tensor [Op:__inference_pruned_5900]
2025-06-12 09:24:46,134 - api.logger - INFO - Original text: 'How to implement a binary search tree in Python?'
2025-06-12 09:24:46,136 - api.logger - ERROR - Prediction error: cannot compute __inference_pruned_5900 as input #2(zero-based) was expected to be a int64 tensor but is a string tensor [Op:__inference_pruned_5900]
2025-06-12 09:24:46,138 - api.logger - INFO - Original text: 'How to implement a binary search tree in Python?'
2025-06-12 09:24:46,139 - api.logger - ERROR - Prediction error: cannot compute __inference_pruned_5900 as input #2(zero-based) was expected to be a int64 tensor but is a string tensor [Op:__inference_pruned_5900]
2025-06-12 09:24:46,141 - api.logger - INFO - Original text: 'How to implement a binary search tree in Python?'
2025-06-12 09:24:46,142 - api.logger - ERROR - Prediction error: cannot compute __inference_pruned_5900 as input #2(zero-based) was expected to be a int64 tensor but is a string tensor [Op:__inference_pruned_5900]
2025-06-12 09:24:46,143 - api.logger - INFO - Original text: 'How to implement a binary search tree in Python?'
2025-06-12 09:24:46,144 - api.logger - ERROR - Prediction error: cannot compute __inference_pruned_5900 as input #2(zero-based) was expected to be a int64 tensor but is a string tensor [Op:__inference_pruned_5900]
2025-06-12 09:24:46,146 - api.logger - INFO - Original text: 'How to implement a binary search tree in Python?'
2025-06-12 09:24:46,147 - api.logger - ERROR - Prediction error: cannot compute __inference_pruned_5900 as input #2(zero-based) was expected to be a int64 tensor but is a string tensor [Op:__inference_pruned_5900]
2025-06-12 09:24:46,149 - api.logger - INFO - Original text: 'How to implement a binary search tree in Python?'
2025-06-12 09:24:46,150 - api.logger - ERROR - Prediction error: cannot compute __inference_pruned_5900 as input #2(zero-based) was expected to be a int64 tensor but is a string tensor [Op:__inference_pruned_5900]
2025-06-12 09:24:46,152 - api.logger - INFO - Original text: 'How to implement a binary search tree in Python?'
2025-06-12 09:24:46,153 - api.logger - ERROR - Prediction error: cannot compute __inference_pruned_5900 as input #2(zero-based) was expected to be a int64 tensor but is a string tensor [Op:__inference_pruned_5900]
2025-06-12 09:24:46,155 - api.logger - INFO - Original text: 'How to implement a binary search tree in Python?'
2025-06-12 09:24:46,156 - api.logger - ERROR - Prediction error: cannot compute __inference_pruned_5900 as input #2(zero-based) was expected to be a int64 tensor but is a string tensor [Op:__inference_pruned_5900]
2025-06-12 09:24:46,158 - api.logger - INFO - Original text: 'How to implement a binary search tree in Python?'
2025-06-12 09:24:46,159 - api.logger - ERROR - Prediction error: cannot compute __inference_pruned_5900 as input #2(zero-based) was expected to be a int64 tensor but is a string tensor [Op:__inference_pruned_5900]
2025-06-12 09:25:15,898 - api.logger - INFO - Starting model loading...
2025-06-12 09:25:15,898 - api.logger - INFO - Current working directory: /Users/alinacharon/Desktop/notebooks/OC/5 - Catégorisez automatiquement des questions/api
2025-06-12 09:25:15,898 - api.logger - INFO - Attempting to load model from: /Users/alinacharon/Desktop/notebooks/OC/5 - Catégorisez automatiquement des questions/api/models/model.pkl
2025-06-12 09:25:15,898 - api.logger - INFO - DEBUG: models_dir computed as: /Users/alinacharon/Desktop/notebooks/OC/5 - Catégorisez automatiquement des questions/api/models
2025-06-12 09:25:16,561 - api.logger - INFO - ✓ model.pkl loaded successfully. Type: <class 'xgboost.sklearn.XGBClassifier'>
2025-06-12 09:25:16,561 - api.logger - INFO - Loading mlb.pkl...
2025-06-12 09:25:16,562 - api.logger - INFO - ✓ mlb.pkl loaded successfully. Type: <class 'sklearn.preprocessing._label.MultiLabelBinarizer'>
2025-06-12 09:25:16,562 - api.logger - INFO - Model loading complete (USE model will be loaded on first use)!
2025-06-12 09:25:19,491 - api.logger - INFO - Loading USE embedding model on first use...
2025-06-12 09:25:20,210 - api.logger - INFO - ✓ USE model loaded successfully on first use.
2025-06-12 09:25:20,210 - api.logger - INFO - Original text: 'How to implement a binary search tree in Python?'
2025-06-12 09:25:21,676 - api.logger - ERROR - Prediction error: cannot compute __inference_pruned_5900 as input #2(zero-based) was expected to be a int64 tensor but is a string tensor [Op:__inference_pruned_5900]
2025-06-12 09:26:15,585 - api.logger - INFO - Starting model loading...
2025-06-12 09:26:15,585 - api.logger - INFO - Current working directory: /Users/alinacharon/Desktop/notebooks/OC/5 - Catégorisez automatiquement des questions/api
2025-06-12 09:26:15,585 - api.logger - INFO - Attempting to load model from: /Users/alinacharon/Desktop/notebooks/OC/5 - Catégorisez automatiquement des questions/api/models/model.pkl
2025-06-12 09:26:15,585 - api.logger - INFO - DEBUG: models_dir computed as: /Users/alinacharon/Desktop/notebooks/OC/5 - Catégorisez automatiquement des questions/api/models
2025-06-12 09:26:16,251 - api.logger - INFO - ✓ model.pkl loaded successfully. Type: <class 'xgboost.sklearn.XGBClassifier'>
2025-06-12 09:26:16,251 - api.logger - INFO - Loading mlb.pkl...
2025-06-12 09:26:16,252 - api.logger - INFO - ✓ mlb.pkl loaded successfully. Type: <class 'sklearn.preprocessing._label.MultiLabelBinarizer'>
2025-06-12 09:26:16,252 - api.logger - INFO - Model loading complete (USE model will be loaded on first use)!
2025-06-12 09:26:17,402 - api.logger - INFO - Loading USE embedding model on first use...
2025-06-12 09:26:18,034 - api.logger - INFO - ✓ USE model loaded successfully on first use.
2025-06-12 09:26:18,034 - api.logger - INFO - Original text: 'How to implement a binary search tree in Python?'
2025-06-12 09:26:19,272 - api.logger - ERROR - Prediction error: cannot compute UnicodeEncode as input #0(zero-based) was expected to be a int32 tensor but is a string tensor [Op:UnicodeEncode] name: 
2025-06-12 09:26:19,441 - api.logger - INFO - Original text: 'How to implement a binary search tree in Python?'
2025-06-12 09:26:19,442 - api.logger - ERROR - Prediction error: cannot compute UnicodeEncode as input #0(zero-based) was expected to be a int32 tensor but is a string tensor [Op:UnicodeEncode] name: 
2025-06-12 09:26:19,444 - api.logger - INFO - Original text: 'How to implement a binary search tree in Python?'
2025-06-12 09:26:19,445 - api.logger - ERROR - Prediction error: cannot compute UnicodeEncode as input #0(zero-based) was expected to be a int32 tensor but is a string tensor [Op:UnicodeEncode] name: 
2025-06-12 09:26:19,447 - api.logger - INFO - Original text: 'How to implement a binary search tree in Python?'
2025-06-12 09:26:19,447 - api.logger - ERROR - Prediction error: cannot compute UnicodeEncode as input #0(zero-based) was expected to be a int32 tensor but is a string tensor [Op:UnicodeEncode] name: 
2025-06-12 09:26:19,449 - api.logger - INFO - Original text: 'How to implement a binary search tree in Python?'
2025-06-12 09:26:19,450 - api.logger - ERROR - Prediction error: cannot compute UnicodeEncode as input #0(zero-based) was expected to be a int32 tensor but is a string tensor [Op:UnicodeEncode] name: 
2025-06-12 09:26:19,452 - api.logger - INFO - Original text: 'How to implement a binary search tree in Python?'
2025-06-12 09:26:19,452 - api.logger - ERROR - Prediction error: cannot compute UnicodeEncode as input #0(zero-based) was expected to be a int32 tensor but is a string tensor [Op:UnicodeEncode] name: 
2025-06-12 09:26:19,454 - api.logger - INFO - Original text: 'How to implement a binary search tree in Python?'
2025-06-12 09:26:19,454 - api.logger - ERROR - Prediction error: cannot compute UnicodeEncode as input #0(zero-based) was expected to be a int32 tensor but is a string tensor [Op:UnicodeEncode] name: 
2025-06-12 09:26:19,456 - api.logger - INFO - Original text: 'How to implement a binary search tree in Python?'
2025-06-12 09:26:19,457 - api.logger - ERROR - Prediction error: cannot compute UnicodeEncode as input #0(zero-based) was expected to be a int32 tensor but is a string tensor [Op:UnicodeEncode] name: 
2025-06-12 09:26:19,459 - api.logger - INFO - Original text: 'How to implement a binary search tree in Python?'
2025-06-12 09:26:19,460 - api.logger - ERROR - Prediction error: cannot compute UnicodeEncode as input #0(zero-based) was expected to be a int32 tensor but is a string tensor [Op:UnicodeEncode] name: 
2025-06-12 09:26:19,462 - api.logger - INFO - Original text: 'How to implement a binary search tree in Python?'
2025-06-12 09:26:19,462 - api.logger - ERROR - Prediction error: cannot compute UnicodeEncode as input #0(zero-based) was expected to be a int32 tensor but is a string tensor [Op:UnicodeEncode] name: 
2025-06-12 09:26:19,464 - api.logger - INFO - Original text: 'How to implement a binary search tree in Python?'
2025-06-12 09:26:19,465 - api.logger - ERROR - Prediction error: cannot compute UnicodeEncode as input #0(zero-based) was expected to be a int32 tensor but is a string tensor [Op:UnicodeEncode] name: 
2025-06-12 09:26:35,884 - api.logger - INFO - Starting model loading...
2025-06-12 09:26:35,884 - api.logger - INFO - Current working directory: /Users/alinacharon/Desktop/notebooks/OC/5 - Catégorisez automatiquement des questions/api
2025-06-12 09:26:35,884 - api.logger - INFO - Attempting to load model from: /Users/alinacharon/Desktop/notebooks/OC/5 - Catégorisez automatiquement des questions/api/models/model.pkl
2025-06-12 09:26:35,884 - api.logger - INFO - DEBUG: models_dir computed as: /Users/alinacharon/Desktop/notebooks/OC/5 - Catégorisez automatiquement des questions/api/models
2025-06-12 09:26:36,544 - api.logger - INFO - ✓ model.pkl loaded successfully. Type: <class 'xgboost.sklearn.XGBClassifier'>
2025-06-12 09:26:36,544 - api.logger - INFO - Loading mlb.pkl...
2025-06-12 09:26:36,545 - api.logger - INFO - ✓ mlb.pkl loaded successfully. Type: <class 'sklearn.preprocessing._label.MultiLabelBinarizer'>
2025-06-12 09:26:36,545 - api.logger - INFO - Model loading complete (USE model will be loaded on first use)!
2025-06-12 09:26:37,326 - api.logger - INFO - Loading USE embedding model on first use...
2025-06-12 09:26:37,971 - api.logger - INFO - ✓ USE model loaded successfully on first use.
2025-06-12 09:26:37,971 - api.logger - INFO - Original text: 'How to implement a binary search tree in Python?'
2025-06-12 09:26:39,235 - api.logger - ERROR - Prediction error: cannot compute UnicodeEncode as input #0(zero-based) was expected to be a int32 tensor but is a string tensor [Op:UnicodeEncode] name: 
2025-06-12 09:27:09,076 - api.logger - INFO - Original text: 'How to implement a binary search tree in Python?'
2025-06-12 09:27:09,078 - api.logger - ERROR - Prediction error: cannot compute UnicodeEncode as input #0(zero-based) was expected to be a int32 tensor but is a string tensor [Op:UnicodeEncode] name: 
2025-06-12 09:27:24,912 - api.logger - INFO - Starting model loading...
2025-06-12 09:27:24,913 - api.logger - INFO - Current working directory: /Users/alinacharon/Desktop/notebooks/OC/5 - Catégorisez automatiquement des questions/api
2025-06-12 09:27:24,913 - api.logger - INFO - Attempting to load model from: /Users/alinacharon/Desktop/notebooks/OC/5 - Catégorisez automatiquement des questions/api/models/model.pkl
2025-06-12 09:27:24,913 - api.logger - INFO - DEBUG: models_dir computed as: /Users/alinacharon/Desktop/notebooks/OC/5 - Catégorisez automatiquement des questions/api/models
2025-06-12 09:27:25,561 - api.logger - INFO - ✓ model.pkl loaded successfully. Type: <class 'xgboost.sklearn.XGBClassifier'>
2025-06-12 09:27:25,561 - api.logger - INFO - Loading mlb.pkl...
2025-06-12 09:27:25,561 - api.logger - INFO - ✓ mlb.pkl loaded successfully. Type: <class 'sklearn.preprocessing._label.MultiLabelBinarizer'>
2025-06-12 09:27:25,561 - api.logger - INFO - Model loading complete (USE model will be loaded on first use)!
2025-06-12 09:27:26,511 - api.logger - INFO - Loading USE embedding model on first use...
2025-06-12 09:27:27,144 - api.logger - INFO - ✓ USE model loaded successfully on first use.
2025-06-12 09:27:27,144 - api.logger - INFO - Original text: 'How to implement a binary search tree in Python?'
2025-06-12 09:27:28,386 - api.logger - ERROR - Prediction error: TypeError: object of type 'RaggedTensor' has no len()

2025-06-12 09:27:53,012 - api.logger - INFO - Original text: 'How to implement a binary search tree in Python?'
2025-06-12 09:27:53,014 - api.logger - ERROR - Prediction error: TypeError: object of type 'RaggedTensor' has no len()

2025-06-12 09:28:06,055 - api.logger - INFO - Starting model loading...
2025-06-12 09:28:06,055 - api.logger - INFO - Current working directory: /Users/alinacharon/Desktop/notebooks/OC/5 - Catégorisez automatiquement des questions/api
2025-06-12 09:28:06,055 - api.logger - INFO - Attempting to load model from: /Users/alinacharon/Desktop/notebooks/OC/5 - Catégorisez automatiquement des questions/api/models/model.pkl
2025-06-12 09:28:06,055 - api.logger - INFO - DEBUG: models_dir computed as: /Users/alinacharon/Desktop/notebooks/OC/5 - Catégorisez automatiquement des questions/api/models
2025-06-12 09:28:06,703 - api.logger - INFO - ✓ model.pkl loaded successfully. Type: <class 'xgboost.sklearn.XGBClassifier'>
2025-06-12 09:28:06,703 - api.logger - INFO - Loading mlb.pkl...
2025-06-12 09:28:06,703 - api.logger - INFO - ✓ mlb.pkl loaded successfully. Type: <class 'sklearn.preprocessing._label.MultiLabelBinarizer'>
2025-06-12 09:28:06,703 - api.logger - INFO - Model loading complete (USE model will be loaded on first use)!
2025-06-12 09:28:07,625 - api.logger - INFO - Loading USE embedding model on first use...
2025-06-12 09:28:08,264 - api.logger - INFO - ✓ USE model loaded successfully on first use.
2025-06-12 09:28:08,264 - api.logger - INFO - Original text: 'How to implement a binary search tree in Python?'
2025-06-12 09:28:09,718 - api.logger - ERROR - Prediction error: 'outputs'
2025-06-12 09:28:33,609 - api.logger - INFO - Original text: 'How to implement a binary search tree in Python?'
2025-06-12 09:28:33,615 - api.logger - ERROR - Prediction error: 'outputs'
2025-06-12 09:28:48,751 - api.logger - INFO - Starting model loading...
2025-06-12 09:28:48,751 - api.logger - INFO - Current working directory: /Users/alinacharon/Desktop/notebooks/OC/5 - Catégorisez automatiquement des questions/api
2025-06-12 09:28:48,752 - api.logger - INFO - Attempting to load model from: /Users/alinacharon/Desktop/notebooks/OC/5 - Catégorisez automatiquement des questions/api/models/model.pkl
2025-06-12 09:28:48,752 - api.logger - INFO - DEBUG: models_dir computed as: /Users/alinacharon/Desktop/notebooks/OC/5 - Catégorisez automatiquement des questions/api/models
2025-06-12 09:28:49,443 - api.logger - INFO - ✓ model.pkl loaded successfully. Type: <class 'xgboost.sklearn.XGBClassifier'>
2025-06-12 09:28:49,443 - api.logger - INFO - Loading mlb.pkl...
2025-06-12 09:28:49,443 - api.logger - INFO - ✓ mlb.pkl loaded successfully. Type: <class 'sklearn.preprocessing._label.MultiLabelBinarizer'>
2025-06-12 09:28:49,444 - api.logger - INFO - Model loading complete (USE model will be loaded on first use)!
2025-06-12 09:28:50,765 - api.logger - INFO - Loading USE embedding model on first use...
2025-06-12 09:28:51,449 - api.logger - INFO - ✓ USE model loaded successfully on first use.
2025-06-12 09:28:51,449 - api.logger - INFO - Original text: 'How to implement a binary search tree in Python?'
2025-06-12 09:29:54,632 - api.logger - INFO - Starting model loading...
2025-06-12 09:29:54,632 - api.logger - INFO - Current working directory: /Users/alinacharon/Desktop/notebooks/OC/5 - Catégorisez automatiquement des questions/api
2025-06-12 09:29:54,632 - api.logger - INFO - Attempting to load model from: /Users/alinacharon/Desktop/notebooks/OC/5 - Catégorisez automatiquement des questions/api/models/model.pkl
2025-06-12 09:29:54,632 - api.logger - INFO - DEBUG: models_dir computed as: /Users/alinacharon/Desktop/notebooks/OC/5 - Catégorisez automatiquement des questions/api/models
2025-06-12 09:29:55,330 - api.logger - INFO - ✓ model.pkl loaded successfully. Type: <class 'xgboost.sklearn.XGBClassifier'>
2025-06-12 09:29:55,330 - api.logger - INFO - Loading mlb.pkl...
2025-06-12 09:29:55,332 - api.logger - INFO - ✓ mlb.pkl loaded successfully. Type: <class 'sklearn.preprocessing._label.MultiLabelBinarizer'>
2025-06-12 09:29:55,332 - api.logger - INFO - Model loading complete (USE model will be loaded on first use)!
2025-06-12 09:29:58,200 - api.logger - INFO - Loading USE embedding model on first use...
2025-06-12 09:29:58,837 - api.logger - INFO - ✓ USE model loaded successfully on first use.
2025-06-12 09:29:58,837 - api.logger - INFO - Original text: 'How to implement a binary search tree in Python?'
2025-06-12 09:30:00,257 - api.logger - INFO - Embeddings shape: (1, 512)
2025-06-12 09:30:00,275 - api.logger - INFO - Raw prediction: [[0. 0. 0. ... 0. 0. 0.]]
2025-06-12 09:30:00,275 - api.logger - INFO - Predicted tags: ()
2025-06-12 09:33:01,728 - api.logger - INFO - Starting model loading...
2025-06-12 09:33:01,729 - api.logger - INFO - Current working directory: /Users/alinacharon/Desktop/notebooks/OC/5 - Catégorisez automatiquement des questions/api
2025-06-12 09:33:01,729 - api.logger - INFO - Attempting to load model from: /Users/alinacharon/Desktop/notebooks/OC/5 - Catégorisez automatiquement des questions/api/models/model.pkl
2025-06-12 09:33:01,729 - api.logger - INFO - DEBUG: models_dir computed as: /Users/alinacharon/Desktop/notebooks/OC/5 - Catégorisez automatiquement des questions/api/models
2025-06-12 09:33:02,405 - api.logger - INFO - ✓ model.pkl loaded successfully. Type: <class 'xgboost.sklearn.XGBClassifier'>
2025-06-12 09:33:02,405 - api.logger - INFO - Loading mlb.pkl...
2025-06-12 09:33:02,406 - api.logger - INFO - ✓ mlb.pkl loaded successfully. Type: <class 'sklearn.preprocessing._label.MultiLabelBinarizer'>
2025-06-12 09:33:02,406 - api.logger - INFO - Model loading complete (USE model will be loaded on first use)!
2025-06-12 09:33:05,695 - api.logger - INFO - Loading USE embedding model on first use...
2025-06-12 09:33:06,322 - api.logger - INFO - ✓ USE model loaded successfully on first use.
2025-06-12 09:33:06,323 - api.logger - INFO - Original text: 'How to implement a binary search tree in Python?'
2025-06-12 09:33:07,752 - api.logger - INFO - Embeddings shape: (1, 512)
2025-06-12 09:33:07,771 - api.logger - INFO - Prediction probabilities shape: (1, 1078)
2025-06-12 09:33:07,771 - api.logger - INFO - Raw prediction: [[0 0 0 ... 0 0 0]]
2025-06-12 09:33:07,771 - api.logger - INFO - Predicted tags: ()
2025-06-12 09:41:31,613 - api.logger - INFO - Starting model loading...
2025-06-12 09:41:31,613 - api.logger - INFO - Current working directory: /Users/alinacharon/Desktop/notebooks/OC/5 - Catégorisez automatiquement des questions/api
2025-06-12 09:41:31,613 - api.logger - INFO - Attempting to load model from: /Users/alinacharon/Desktop/notebooks/OC/5 - Catégorisez automatiquement des questions/api/models/model.pkl
2025-06-12 09:41:31,613 - api.logger - INFO - DEBUG: models_dir computed as: /Users/alinacharon/Desktop/notebooks/OC/5 - Catégorisez automatiquement des questions/api/models
2025-06-12 09:41:32,431 - api.logger - INFO - ✓ model.pkl loaded successfully. Type: <class 'xgboost.sklearn.XGBClassifier'>
2025-06-12 09:41:32,431 - api.logger - INFO - Loading mlb.pkl...
2025-06-12 09:41:32,433 - api.logger - INFO - ✓ mlb.pkl loaded successfully. Type: <class 'sklearn.preprocessing._label.MultiLabelBinarizer'>
2025-06-12 09:41:32,433 - api.logger - INFO - Loading USE embedding model...
2025-06-12 09:41:43,707 - api.logger - INFO - Starting model loading...
2025-06-12 09:41:43,707 - api.logger - INFO - Current working directory: /Users/alinacharon/Desktop/notebooks/OC/5 - Catégorisez automatiquement des questions/api
2025-06-12 09:41:43,707 - api.logger - INFO - Attempting to load model from: /Users/alinacharon/Desktop/notebooks/OC/5 - Catégorisez automatiquement des questions/api/models/model.pkl
2025-06-12 09:41:43,707 - api.logger - INFO - DEBUG: models_dir computed as: /Users/alinacharon/Desktop/notebooks/OC/5 - Catégorisez automatiquement des questions/api/models
2025-06-12 09:41:44,622 - api.logger - INFO - ✓ model.pkl loaded successfully. Type: <class 'xgboost.sklearn.XGBClassifier'>
2025-06-12 09:41:44,622 - api.logger - INFO - Loading mlb.pkl...
2025-06-12 09:41:44,623 - api.logger - INFO - ✓ mlb.pkl loaded successfully. Type: <class 'sklearn.preprocessing._label.MultiLabelBinarizer'>
2025-06-12 09:41:44,623 - api.logger - INFO - Loading USE embedding model...
2025-06-12 09:41:57,742 - api.logger - INFO - ✓ USE model loaded successfully
2025-06-12 09:41:57,743 - api.logger - INFO - Model loading complete!
2025-06-12 09:41:58,719 - api.logger - INFO - ✓ USE model loaded successfully
2025-06-12 09:41:58,719 - api.logger - INFO - Model loading complete!
2025-06-12 09:42:01,659 - api.logger - INFO - Original text: 'How to implement a binary search tree in Python?'
2025-06-12 09:42:03,252 - api.logger - INFO - Prediction done in 1.593 sec. Tags: ('python',)
2025-06-12 09:42:03,257 - api.logger - INFO - Original text: '!!!@@@###'
2025-06-12 09:42:03,260 - api.logger - INFO - Original text: 'How to implement a binary search tree in Python?'
2025-06-12 09:42:03,276 - api.logger - INFO - Prediction done in 0.016 sec. Tags: ('python',)
2025-06-12 09:42:03,280 - api.logger - INFO - Original text: 'What is the best way to learn machine learning?'
2025-06-12 09:42:03,293 - api.logger - INFO - Prediction done in 0.013 sec. Tags: ('python-2.7',)
2025-06-12 09:42:03,295 - api.logger - INFO - Original text: 'How to deploy a Docker container?'
2025-06-12 09:42:03,306 - api.logger - INFO - Prediction done in 0.011 sec. Tags: ('docker',)
2025-06-12 09:42:57,251 - api.logger - INFO - Starting model loading...
2025-06-12 09:42:57,251 - api.logger - INFO - Current working directory: /Users/alinacharon/Desktop/notebooks/OC/5 - Catégorisez automatiquement des questions/api
2025-06-12 09:42:57,251 - api.logger - INFO - Attempting to load model from: /Users/alinacharon/Desktop/notebooks/OC/5 - Catégorisez automatiquement des questions/api/models/model.pkl
2025-06-12 09:42:57,251 - api.logger - INFO - DEBUG: models_dir computed as: /Users/alinacharon/Desktop/notebooks/OC/5 - Catégorisez automatiquement des questions/api/models
2025-06-12 09:42:57,923 - api.logger - INFO - ✓ model.pkl loaded successfully. Type: <class 'xgboost.sklearn.XGBClassifier'>
2025-06-12 09:42:57,923 - api.logger - INFO - Loading mlb.pkl...
2025-06-12 09:42:57,924 - api.logger - INFO - ✓ mlb.pkl loaded successfully. Type: <class 'sklearn.preprocessing._label.MultiLabelBinarizer'>
2025-06-12 09:42:57,924 - api.logger - INFO - Loading USE embedding model...
2025-06-12 09:43:01,533 - api.logger - INFO - ✓ USE model loaded successfully
2025-06-12 09:43:01,533 - api.logger - INFO - Model loading complete!
2025-06-12 09:43:04,717 - api.logger - INFO - Original text: 'How to implement a binary search tree in Python?'
2025-06-12 09:43:06,166 - api.logger - INFO - Prediction done in 1.449 sec. Tags: ('python',)
2025-06-12 09:43:06,170 - api.logger - INFO - Original text: '!!!@@@###'
2025-06-12 09:43:06,172 - api.logger - INFO - Original text: 'How to implement a binary search tree in Python?'
2025-06-12 09:43:06,182 - api.logger - INFO - Prediction done in 0.011 sec. Tags: ('python',)
2025-06-12 09:43:06,184 - api.logger - INFO - Original text: 'What is the best way to learn machine learning?'
2025-06-12 09:43:06,194 - api.logger - INFO - Prediction done in 0.010 sec. Tags: ('python-2.7',)
2025-06-12 09:43:06,196 - api.logger - INFO - Original text: 'How to deploy a Docker container?'
2025-06-12 09:43:06,205 - api.logger - INFO - Prediction done in 0.009 sec. Tags: ('docker',)
2025-06-12 09:55:29,983 - api.logger - INFO - Starting model loading...
2025-06-12 09:55:29,983 - api.logger - INFO - Current working directory: /Users/alinacharon/Desktop/notebooks/OC/5 - Catégorisez automatiquement des questions/api
2025-06-12 09:55:29,983 - api.logger - INFO - Attempting to load model from: /Users/alinacharon/Desktop/notebooks/OC/5 - Catégorisez automatiquement des questions/api/models/model.pkl
2025-06-12 09:55:29,983 - api.logger - INFO - DEBUG: models_dir computed as: /Users/alinacharon/Desktop/notebooks/OC/5 - Catégorisez automatiquement des questions/api/models
2025-06-12 09:55:30,700 - api.logger - INFO - ✓ model.pkl loaded successfully. Type: <class 'xgboost.sklearn.XGBClassifier'>
2025-06-12 09:55:30,701 - api.logger - INFO - Loading mlb.pkl...
2025-06-12 09:55:30,702 - api.logger - INFO - ✓ mlb.pkl loaded successfully. Type: <class 'sklearn.preprocessing._label.MultiLabelBinarizer'>
2025-06-12 09:55:30,702 - api.logger - INFO - Loading USE embedding model...
2025-06-12 09:55:34,465 - api.logger - INFO - ✓ USE model loaded successfully
2025-06-12 09:55:34,465 - api.logger - INFO - Model loading complete!
2025-06-12 09:55:37,440 - api.logger - INFO - Original text: 'How to implement a binary search tree in Python?'
2025-06-12 09:55:39,038 - api.logger - INFO - Prediction done in 1.598 sec. Tags: ('python',)
2025-06-12 09:55:39,042 - api.logger - INFO - Original text: '!!!@@@###'
2025-06-12 09:55:39,044 - api.logger - INFO - Original text: 'How to implement a binary search tree in Python?'
2025-06-12 09:55:39,055 - api.logger - INFO - Prediction done in 0.011 sec. Tags: ('python',)
2025-06-12 09:55:39,058 - api.logger - INFO - Original text: 'What is the best way to learn machine learning?'
2025-06-12 09:55:39,068 - api.logger - INFO - Prediction done in 0.011 sec. Tags: ('python-2.7',)
2025-06-12 09:55:39,070 - api.logger - INFO - Original text: 'How to deploy a Docker container?'
2025-06-12 09:55:39,080 - api.logger - INFO - Prediction done in 0.010 sec. Tags: ('docker',)
2025-06-12 10:02:01,451 - api.logger - INFO - Starting model loading...
2025-06-12 10:02:01,452 - api.logger - INFO - Current working directory: /Users/alinacharon/Desktop/notebooks/OC/5 - Catégorisez automatiquement des questions/api
2025-06-12 10:02:01,452 - api.logger - INFO - Attempting to load model from: /Users/alinacharon/Desktop/notebooks/OC/5 - Catégorisez automatiquement des questions/api/models/model.pkl
2025-06-12 10:02:01,452 - api.logger - INFO - DEBUG: models_dir computed as: /Users/alinacharon/Desktop/notebooks/OC/5 - Catégorisez automatiquement des questions/api/models
2025-06-12 10:02:02,182 - api.logger - INFO - ✓ model.pkl loaded successfully. Type: <class 'xgboost.sklearn.XGBClassifier'>
2025-06-12 10:02:02,182 - api.logger - INFO - Loading mlb.pkl...
2025-06-12 10:02:02,184 - api.logger - INFO - ✓ mlb.pkl loaded successfully. Type: <class 'sklearn.preprocessing._label.MultiLabelBinarizer'>
2025-06-12 10:02:02,184 - api.logger - INFO - Loading USE embedding model...
2025-06-12 10:02:06,085 - api.logger - INFO - ✓ USE model loaded successfully
2025-06-12 10:02:06,085 - api.logger - INFO - Model loading complete!
2025-06-12 10:02:08,828 - api.logger - INFO - Original text: 'How to implement a binary search tree in Python?'
2025-06-12 10:02:10,353 - api.logger - INFO - Prediction done in 1.525 sec. Tags: ('python',)
2025-06-12 10:02:10,357 - api.logger - INFO - Original text: '!!!@@@###'
2025-06-12 10:02:10,359 - api.logger - INFO - Original text: 'How to implement a binary search tree in Python?'
2025-06-12 10:02:10,370 - api.logger - INFO - Prediction done in 0.011 sec. Tags: ('python',)
2025-06-12 10:02:10,373 - api.logger - INFO - Original text: 'What is the best way to learn machine learning?'
2025-06-12 10:02:10,383 - api.logger - INFO - Prediction done in 0.010 sec. Tags: ('python-2.7',)
2025-06-12 10:02:10,385 - api.logger - INFO - Original text: 'How to deploy a Docker container?'
2025-06-12 10:02:10,395 - api.logger - INFO - Prediction done in 0.010 sec. Tags: ('docker',)
2025-06-12 10:30:47,189 - api.logger - INFO - Starting model loading...
2025-06-12 10:30:47,189 - api.logger - INFO - Current working directory: /Users/alinacharon/Desktop/notebooks/OC/5 - Catégorisez automatiquement des questions/api
2025-06-12 10:30:47,189 - api.logger - INFO - Attempting to load model from: /Users/alinacharon/Desktop/notebooks/OC/5 - Catégorisez automatiquement des questions/api/models/model.pkl
2025-06-12 10:30:47,189 - api.logger - INFO - DEBUG: models_dir computed as: /Users/alinacharon/Desktop/notebooks/OC/5 - Catégorisez automatiquement des questions/api/models
2025-06-12 10:30:47,944 - api.logger - INFO - ✓ model.pkl loaded successfully. Type: <class 'xgboost.sklearn.XGBClassifier'>
2025-06-12 10:30:47,944 - api.logger - INFO - Loading mlb.pkl...
2025-06-12 10:30:47,946 - api.logger - ERROR - Error during model loading: STACK_GLOBAL requires str
2025-06-12 10:30:47,946 - api.logger - ERROR - Exception type: <class '_pickle.UnpicklingError'>
2025-06-12 10:30:47,946 - api.logger - ERROR - Traceback: Traceback (most recent call last):
  File "/Users/alinacharon/Desktop/notebooks/OC/5 - Catégorisez automatiquement des questions/api/api/main.py", line 59, in init_models
    mlb = pickle.load(f)
          ^^^^^^^^^^^^^^
_pickle.UnpicklingError: STACK_GLOBAL requires str

2025-06-12 10:39:30,836 - api.logger - INFO - Starting model loading...
2025-06-12 10:39:30,836 - api.logger - INFO - Current working directory: /Users/alinacharon/Desktop/notebooks/OC/5 - Catégorisez automatiquement des questions/api
2025-06-12 10:39:30,836 - api.logger - INFO - Attempting to load model from: /Users/alinacharon/Desktop/notebooks/OC/5 - Catégorisez automatiquement des questions/api/models/model.pkl
2025-06-12 10:39:30,836 - api.logger - INFO - DEBUG: models_dir computed as: /Users/alinacharon/Desktop/notebooks/OC/5 - Catégorisez automatiquement des questions/api/models
2025-06-12 10:39:31,609 - api.logger - INFO - ✓ model.pkl loaded successfully via joblib. Type: <class 'xgboost.sklearn.XGBClassifier'>
2025-06-12 10:39:31,610 - api.logger - INFO - Loading mlb.pkl...
2025-06-12 10:39:31,610 - api.logger - INFO - ✓ mlb.pkl loaded successfully via joblib. Type: <class 'sklearn.preprocessing._label.MultiLabelBinarizer'>
2025-06-12 10:39:31,610 - api.logger - INFO - Loading USE embedding model...
2025-06-12 10:39:35,407 - api.logger - INFO - ✓ USE model loaded successfully
2025-06-12 10:39:35,407 - api.logger - INFO - Model loading complete!
2025-06-12 10:39:37,792 - api.logger - INFO - Original text: 'How to implement a binary search tree in Python?'
2025-06-12 10:39:39,302 - api.logger - INFO - Prediction done in 1.509 sec. Tags: ('python',)
2025-06-12 10:39:39,307 - api.logger - INFO - Original text: '!!!@@@###'
2025-06-12 10:39:39,309 - api.logger - INFO - Original text: 'How to implement a binary search tree in Python?'
2025-06-12 10:39:39,320 - api.logger - INFO - Prediction done in 0.011 sec. Tags: ('python',)
2025-06-12 10:39:39,322 - api.logger - INFO - Original text: 'What is the best way to learn machine learning?'
2025-06-12 10:39:39,332 - api.logger - INFO - Prediction done in 0.010 sec. Tags: ('python-2.7',)
2025-06-12 10:39:39,334 - api.logger - INFO - Original text: 'How to deploy a Docker container?'
2025-06-12 10:39:39,343 - api.logger - INFO - Prediction done in 0.009 sec. Tags: ('docker',)
2025-06-12 10:42:59,752 - api.logger - INFO - Starting model loading...
2025-06-12 10:42:59,752 - api.logger - INFO - Current working directory: /Users/alinacharon/Desktop/notebooks/OC/5 - Catégorisez automatiquement des questions/api
2025-06-12 10:42:59,752 - api.logger - INFO - Attempting to load model from: /Users/alinacharon/Desktop/notebooks/OC/5 - Catégorisez automatiquement des questions/api/models/model.pkl
2025-06-12 10:42:59,752 - api.logger - INFO - DEBUG: models_dir computed as: /Users/alinacharon/Desktop/notebooks/OC/5 - Catégorisez automatiquement des questions/api/models
2025-06-12 10:43:00,425 - api.logger - INFO - ✓ model.pkl loaded successfully via joblib. Type: <class 'xgboost.sklearn.XGBClassifier'>
2025-06-12 10:43:00,425 - api.logger - INFO - Loading mlb.pkl...
2025-06-12 10:43:00,426 - api.logger - INFO - ✓ mlb.pkl loaded successfully via joblib. Type: <class 'sklearn.preprocessing._label.MultiLabelBinarizer'>
2025-06-12 10:43:00,426 - api.logger - INFO - Loading USE embedding model...
2025-06-12 10:43:04,246 - api.logger - INFO - ✓ USE model loaded successfully
2025-06-12 10:43:04,246 - api.logger - INFO - Model loading complete!
2025-06-12 10:43:07,306 - api.logger - INFO - Original text: 'How to implement a binary search tree in Python?'
2025-06-12 10:43:08,875 - api.logger - INFO - Prediction done in 1.568 sec. Tags: ('python',)
2025-06-12 10:43:08,880 - api.logger - INFO - Original text: '!!!@@@###'
2025-06-12 10:43:08,882 - api.logger - INFO - Original text: 'How to implement a binary search tree in Python?'
2025-06-12 10:43:08,894 - api.logger - INFO - Prediction done in 0.012 sec. Tags: ('python',)
2025-06-12 10:43:08,896 - api.logger - INFO - Original text: 'What is the best way to learn machine learning?'
2025-06-12 10:43:08,907 - api.logger - INFO - Prediction done in 0.011 sec. Tags: ('python-2.7',)
2025-06-12 10:43:08,909 - api.logger - INFO - Original text: 'How to deploy a Docker container?'
2025-06-12 10:43:08,920 - api.logger - INFO - Prediction done in 0.011 sec. Tags: ('docker',)
2025-06-12 10:59:14,691 - api.logger - INFO - Starting model loading...
2025-06-12 10:59:14,691 - api.logger - INFO - Current working directory: /Users/alinacharon/Desktop/notebooks/OC/5 - Catégorisez automatiquement des questions/api
2025-06-12 10:59:14,691 - api.logger - INFO - Attempting to load model from: /Users/alinacharon/Desktop/notebooks/OC/5 - Catégorisez automatiquement des questions/api/models/model.pkl
2025-06-12 10:59:14,691 - api.logger - INFO - DEBUG: models_dir computed as: /Users/alinacharon/Desktop/notebooks/OC/5 - Catégorisez automatiquement des questions/api/models
2025-06-12 10:59:15,393 - api.logger - INFO - ✓ model.pkl loaded successfully via joblib. Type: <class 'xgboost.sklearn.XGBClassifier'>
2025-06-12 10:59:15,394 - api.logger - INFO - Loading mlb.pkl...
2025-06-12 10:59:15,394 - api.logger - INFO - ✓ mlb.pkl loaded successfully via joblib. Type: <class 'sklearn.preprocessing._label.MultiLabelBinarizer'>
2025-06-12 10:59:15,394 - api.logger - INFO - Loading USE embedding model...
2025-06-12 10:59:19,284 - api.logger - INFO - ✓ USE model loaded successfully
2025-06-12 10:59:19,284 - api.logger - INFO - Model loading complete!
2025-06-12 10:59:22,554 - api.logger - INFO - Original text: 'How to implement a binary search tree in Python?'
2025-06-12 10:59:24,121 - api.logger - INFO - Prediction done in 1.567 sec. Tags: ('python',)
2025-06-12 10:59:24,126 - api.logger - INFO - Original text: '!!!@@@###'
2025-06-12 10:59:24,128 - api.logger - INFO - Original text: 'How to implement a binary search tree in Python?'
2025-06-12 10:59:24,139 - api.logger - INFO - Prediction done in 0.011 sec. Tags: ('python',)
2025-06-12 10:59:24,141 - api.logger - INFO - Original text: 'What is the best way to learn machine learning?'
2025-06-12 10:59:24,151 - api.logger - INFO - Prediction done in 0.010 sec. Tags: ('python-2.7',)
2025-06-12 10:59:24,153 - api.logger - INFO - Original text: 'How to deploy a Docker container?'
2025-06-12 10:59:24,163 - api.logger - INFO - Prediction done in 0.010 sec. Tags: ('docker',)
